Analysis & Synthesis report for LedGame
Thu May 02 00:52:27 2019
Quartus II 64-Bit Version 13.1.0 Build 162 10/23/2013 SJ Web Edition


---------------------
; Table of Contents ;
---------------------
  1. Legal Notice
  2. Analysis & Synthesis Summary
  3. Analysis & Synthesis Settings
  4. Parallel Compilation
  5. Analysis & Synthesis Source Files Read
  6. Analysis & Synthesis Resource Usage Summary
  7. Analysis & Synthesis Resource Utilization by Entity
  8. State Machine - |Status|buffer
  9. User-Specified and Inferred Latches
 10. Registers Removed During Synthesis
 11. General Register Statistics
 12. Multiplexer Restructuring Statistics (Restructuring Performed)
 13. Elapsed Time Per Partition
 14. Analysis & Synthesis Messages
 15. Analysis & Synthesis Suppressed Messages



----------------
; Legal Notice ;
----------------
Copyright (C) 1991-2013 Altera Corporation
Your use of Altera Corporation's design tools, logic functions 
and other software and tools, and its AMPP partner logic 
functions, and any output files from any of the foregoing 
(including device programming or simulation files), and any 
associated documentation or information are expressly subject 
to the terms and conditions of the Altera Program License 
Subscription Agreement, Altera MegaCore Function License 
Agreement, or other applicable license agreement, including, 
without limitation, that your use is for the sole purpose of 
programming logic devices manufactured by Altera and sold by 
Altera or its authorized distributors.  Please refer to the 
applicable agreement for further details.



+---------------------------------------------------------------------------------+
; Analysis & Synthesis Summary                                                    ;
+------------------------------------+--------------------------------------------+
; Analysis & Synthesis Status        ; Successful - Thu May 02 00:52:27 2019      ;
; Quartus II 64-Bit Version          ; 13.1.0 Build 162 10/23/2013 SJ Web Edition ;
; Revision Name                      ; LedGame                                    ;
; Top-level Entity Name              ; Status                                     ;
; Family                             ; Cyclone III                                ;
; Total logic elements               ; 186                                        ;
;     Total combinational functions  ; 186                                        ;
;     Dedicated logic registers      ; 13                                         ;
; Total registers                    ; 13                                         ;
; Total pins                         ; 44                                         ;
; Total virtual pins                 ; 0                                          ;
; Total memory bits                  ; 0                                          ;
; Embedded Multiplier 9-bit elements ; 0                                          ;
; Total PLLs                         ; 0                                          ;
+------------------------------------+--------------------------------------------+


+----------------------------------------------------------------------------------------------------------------------+
; Analysis & Synthesis Settings                                                                                        ;
+----------------------------------------------------------------------------+--------------------+--------------------+
; Option                                                                     ; Setting            ; Default Value      ;
+----------------------------------------------------------------------------+--------------------+--------------------+
; Device                                                                     ; EP3C16U484C6       ;                    ;
; Top-level entity name                                                      ; Status             ; LedGame            ;
; Family name                                                                ; Cyclone III        ; Cyclone IV GX      ;
; Use smart compilation                                                      ; Off                ; Off                ;
; Enable parallel Assembler and TimeQuest Timing Analyzer during compilation ; On                 ; On                 ;
; Enable compact report table                                                ; Off                ; Off                ;
; Restructure Multiplexers                                                   ; Auto               ; Auto               ;
; Create Debugging Nodes for IP Cores                                        ; Off                ; Off                ;
; Preserve fewer node names                                                  ; On                 ; On                 ;
; Disable OpenCore Plus hardware evaluation                                  ; Off                ; Off                ;
; Verilog Version                                                            ; Verilog_2001       ; Verilog_2001       ;
; VHDL Version                                                               ; VHDL_1993          ; VHDL_1993          ;
; State Machine Processing                                                   ; Auto               ; Auto               ;
; Safe State Machine                                                         ; Off                ; Off                ;
; Extract Verilog State Machines                                             ; On                 ; On                 ;
; Extract VHDL State Machines                                                ; On                 ; On                 ;
; Ignore Verilog initial constructs                                          ; Off                ; Off                ;
; Iteration limit for constant Verilog loops                                 ; 5000               ; 5000               ;
; Iteration limit for non-constant Verilog loops                             ; 250                ; 250                ;
; Add Pass-Through Logic to Inferred RAMs                                    ; On                 ; On                 ;
; Infer RAMs from Raw Logic                                                  ; On                 ; On                 ;
; Parallel Synthesis                                                         ; On                 ; On                 ;
; DSP Block Balancing                                                        ; Auto               ; Auto               ;
; NOT Gate Push-Back                                                         ; On                 ; On                 ;
; Power-Up Don't Care                                                        ; On                 ; On                 ;
; Remove Redundant Logic Cells                                               ; Off                ; Off                ;
; Remove Duplicate Registers                                                 ; On                 ; On                 ;
; Ignore CARRY Buffers                                                       ; Off                ; Off                ;
; Ignore CASCADE Buffers                                                     ; Off                ; Off                ;
; Ignore GLOBAL Buffers                                                      ; Off                ; Off                ;
; Ignore ROW GLOBAL Buffers                                                  ; Off                ; Off                ;
; Ignore LCELL Buffers                                                       ; Off                ; Off                ;
; Ignore SOFT Buffers                                                        ; On                 ; On                 ;
; Limit AHDL Integers to 32 Bits                                             ; Off                ; Off                ;
; Optimization Technique                                                     ; Balanced           ; Balanced           ;
; Carry Chain Length                                                         ; 70                 ; 70                 ;
; Auto Carry Chains                                                          ; On                 ; On                 ;
; Auto Open-Drain Pins                                                       ; On                 ; On                 ;
; Perform WYSIWYG Primitive Resynthesis                                      ; Off                ; Off                ;
; Auto ROM Replacement                                                       ; On                 ; On                 ;
; Auto RAM Replacement                                                       ; On                 ; On                 ;
; Auto DSP Block Replacement                                                 ; On                 ; On                 ;
; Auto Shift Register Replacement                                            ; Auto               ; Auto               ;
; Allow Shift Register Merging across Hierarchies                            ; Auto               ; Auto               ;
; Auto Clock Enable Replacement                                              ; On                 ; On                 ;
; Strict RAM Replacement                                                     ; Off                ; Off                ;
; Allow Synchronous Control Signals                                          ; On                 ; On                 ;
; Force Use of Synchronous Clear Signals                                     ; Off                ; Off                ;
; Auto RAM Block Balancing                                                   ; On                 ; On                 ;
; Auto RAM to Logic Cell Conversion                                          ; Off                ; Off                ;
; Auto Resource Sharing                                                      ; Off                ; Off                ;
; Allow Any RAM Size For Recognition                                         ; Off                ; Off                ;
; Allow Any ROM Size For Recognition                                         ; Off                ; Off                ;
; Allow Any Shift Register Size For Recognition                              ; Off                ; Off                ;
; Use LogicLock Constraints during Resource Balancing                        ; On                 ; On                 ;
; Ignore translate_off and synthesis_off directives                          ; Off                ; Off                ;
; Timing-Driven Synthesis                                                    ; On                 ; On                 ;
; Report Parameter Settings                                                  ; On                 ; On                 ;
; Report Source Assignments                                                  ; On                 ; On                 ;
; Report Connectivity Checks                                                 ; On                 ; On                 ;
; Ignore Maximum Fan-Out Assignments                                         ; Off                ; Off                ;
; Synchronization Register Chain Length                                      ; 2                  ; 2                  ;
; PowerPlay Power Optimization                                               ; Normal compilation ; Normal compilation ;
; HDL message level                                                          ; Level2             ; Level2             ;
; Suppress Register Optimization Related Messages                            ; Off                ; Off                ;
; Number of Removed Registers Reported in Synthesis Report                   ; 5000               ; 5000               ;
; Number of Swept Nodes Reported in Synthesis Report                         ; 5000               ; 5000               ;
; Number of Inverted Registers Reported in Synthesis Report                  ; 100                ; 100                ;
; Clock MUX Protection                                                       ; On                 ; On                 ;
; Auto Gated Clock Conversion                                                ; Off                ; Off                ;
; Block Design Naming                                                        ; Auto               ; Auto               ;
; SDC constraint protection                                                  ; Off                ; Off                ;
; Synthesis Effort                                                           ; Auto               ; Auto               ;
; Shift Register Replacement - Allow Asynchronous Clear Signal               ; On                 ; On                 ;
; Pre-Mapping Resynthesis Optimization                                       ; Off                ; Off                ;
; Analysis & Synthesis Message Level                                         ; Medium             ; Medium             ;
; Disable Register Merging Across Hierarchies                                ; Auto               ; Auto               ;
; Resource Aware Inference For Block RAM                                     ; On                 ; On                 ;
; Synthesis Seed                                                             ; 1                  ; 1                  ;
+----------------------------------------------------------------------------+--------------------+--------------------+


Parallel compilation was disabled, but you have multiple processors available. Enable parallel compilation to reduce compilation time.
+-------------------------------------+
; Parallel Compilation                ;
+----------------------------+--------+
; Processors                 ; Number ;
+----------------------------+--------+
; Number detected on machine ; 8      ;
; Maximum allowed            ; 1      ;
+----------------------------+--------+


+-------------------------------------------------------------------------------------------------------------------------------------------------------+
; Analysis & Synthesis Source Files Read                                                                                                                ;
+----------------------------------+-----------------+------------------------+---------------------------------------------------------------+---------+
; File Name with User-Entered Path ; Used in Netlist ; File Type              ; File Name with Absolute Path                                  ; Library ;
+----------------------------------+-----------------+------------------------+---------------------------------------------------------------+---------+
; Modules/Status.v                 ; yes             ; User Verilog HDL File  ; D:/Projects/EMBEDDED/HW/Led Game/Led Game/Modules/Status.v    ;         ;
; Modules/Segmenter.v              ; yes             ; User Verilog HDL File  ; D:/Projects/EMBEDDED/HW/Led Game/Led Game/Modules/Segmenter.v ;         ;
+----------------------------------+-----------------+------------------------+---------------------------------------------------------------+---------+


+-----------------------------------------------------------+
; Analysis & Synthesis Resource Usage Summary               ;
+---------------------------------------------+-------------+
; Resource                                    ; Usage       ;
+---------------------------------------------+-------------+
; Estimated Total logic elements              ; 186         ;
;                                             ;             ;
; Total combinational functions               ; 186         ;
; Logic element usage by number of LUT inputs ;             ;
;     -- 4 input functions                    ; 52          ;
;     -- 3 input functions                    ; 68          ;
;     -- <=2 input functions                  ; 66          ;
;                                             ;             ;
; Logic elements by mode                      ;             ;
;     -- normal mode                          ; 166         ;
;     -- arithmetic mode                      ; 20          ;
;                                             ;             ;
; Total registers                             ; 13          ;
;     -- Dedicated logic registers            ; 13          ;
;     -- I/O registers                        ; 0           ;
;                                             ;             ;
; I/O pins                                    ; 44          ;
; Embedded Multiplier 9-bit elements          ; 0           ;
; Maximum fan-out node                        ; clock~input ;
; Maximum fan-out                             ; 24          ;
; Total fan-out                               ; 643         ;
; Average fan-out                             ; 2.24        ;
+---------------------------------------------+-------------+


+-------------------------------------------------------------------------------------------------------------------------------------------------------------------------------------------------+
; Analysis & Synthesis Resource Utilization by Entity                                                                                                                                             ;
+---------------------------------+-------------------+--------------+-------------+--------------+---------+-----------+------+--------------+------------------------------------+--------------+
; Compilation Hierarchy Node      ; LC Combinationals ; LC Registers ; Memory Bits ; DSP Elements ; DSP 9x9 ; DSP 18x18 ; Pins ; Virtual Pins ; Full Hierarchy Name                ; Library Name ;
+---------------------------------+-------------------+--------------+-------------+--------------+---------+-----------+------+--------------+------------------------------------+--------------+
; |Status                         ; 186 (165)         ; 13 (13)      ; 0           ; 0            ; 0       ; 0         ; 44   ; 0            ; |Status                            ; work         ;
;    |Segmenter:segment_level|    ; 7 (7)             ; 0 (0)        ; 0           ; 0            ; 0       ; 0         ; 0    ; 0            ; |Status|Segmenter:segment_level    ; work         ;
;    |Segmenter:segment_pointLSB| ; 7 (7)             ; 0 (0)        ; 0           ; 0            ; 0       ; 0         ; 0    ; 0            ; |Status|Segmenter:segment_pointLSB ; work         ;
;    |Segmenter:segment_pointMSB| ; 7 (7)             ; 0 (0)        ; 0           ; 0            ; 0       ; 0         ; 0    ; 0            ; |Status|Segmenter:segment_pointMSB ; work         ;
+---------------------------------+-------------------+--------------+-------------+--------------+---------+-----------+------+--------------+------------------------------------+--------------+
Note: For table entries with two numbers listed, the numbers in parentheses indicate the number of resources of the given type used by the specific entity alone. The numbers listed outside of parentheses indicate the total resources of the given type used by the specific entity and all of its sub-entities in the hierarchy.


Encoding Type:  One-Hot
+-------------------------------------------------------------------------------------------------------------------------------------------------------------------------------------------------------------------------------------------------------------------+
; State Machine - |Status|buffer                                                                                                                                                                                                                                    ;
+--------------------+--------------------+-----------------+------------------+-------------------+---------------+-------------------+------------------+-------------------+-------------------+-----------------+-------------------+-------------+-------------+
; Name               ; buffer.SHIFT_RIGHT ; buffer.TEST_LED ; buffer.NEG_LEVEL ; buffer.TEST_LVL_1 ; buffer.UPDATE ; buffer.TEST_INPUT ; buffer.NEG_COUNT ; buffer.TEST_COUNT ; buffer.INIT_COUNT ; buffer.INIT_LED ; buffer.TEST_LEVEL ; buffer.INIT ; buffer.0000 ;
+--------------------+--------------------+-----------------+------------------+-------------------+---------------+-------------------+------------------+-------------------+-------------------+-----------------+-------------------+-------------+-------------+
; buffer.0000        ; 0                  ; 0               ; 0                ; 0                 ; 0             ; 0                 ; 0                ; 0                 ; 0                 ; 0               ; 0                 ; 0           ; 0           ;
; buffer.INIT        ; 0                  ; 0               ; 0                ; 0                 ; 0             ; 0                 ; 0                ; 0                 ; 0                 ; 0               ; 0                 ; 1           ; 1           ;
; buffer.TEST_LEVEL  ; 0                  ; 0               ; 0                ; 0                 ; 0             ; 0                 ; 0                ; 0                 ; 0                 ; 0               ; 1                 ; 0           ; 1           ;
; buffer.INIT_LED    ; 0                  ; 0               ; 0                ; 0                 ; 0             ; 0                 ; 0                ; 0                 ; 0                 ; 1               ; 0                 ; 0           ; 1           ;
; buffer.INIT_COUNT  ; 0                  ; 0               ; 0                ; 0                 ; 0             ; 0                 ; 0                ; 0                 ; 1                 ; 0               ; 0                 ; 0           ; 1           ;
; buffer.TEST_COUNT  ; 0                  ; 0               ; 0                ; 0                 ; 0             ; 0                 ; 0                ; 1                 ; 0                 ; 0               ; 0                 ; 0           ; 1           ;
; buffer.NEG_COUNT   ; 0                  ; 0               ; 0                ; 0                 ; 0             ; 0                 ; 1                ; 0                 ; 0                 ; 0               ; 0                 ; 0           ; 1           ;
; buffer.TEST_INPUT  ; 0                  ; 0               ; 0                ; 0                 ; 0             ; 1                 ; 0                ; 0                 ; 0                 ; 0               ; 0                 ; 0           ; 1           ;
; buffer.UPDATE      ; 0                  ; 0               ; 0                ; 0                 ; 1             ; 0                 ; 0                ; 0                 ; 0                 ; 0               ; 0                 ; 0           ; 1           ;
; buffer.TEST_LVL_1  ; 0                  ; 0               ; 0                ; 1                 ; 0             ; 0                 ; 0                ; 0                 ; 0                 ; 0               ; 0                 ; 0           ; 1           ;
; buffer.NEG_LEVEL   ; 0                  ; 0               ; 1                ; 0                 ; 0             ; 0                 ; 0                ; 0                 ; 0                 ; 0               ; 0                 ; 0           ; 1           ;
; buffer.TEST_LED    ; 0                  ; 1               ; 0                ; 0                 ; 0             ; 0                 ; 0                ; 0                 ; 0                 ; 0               ; 0                 ; 0           ; 1           ;
; buffer.SHIFT_RIGHT ; 1                  ; 0               ; 0                ; 0                 ; 0             ; 0                 ; 0                ; 0                 ; 0                 ; 0               ; 0                 ; 0           ; 1           ;
+--------------------+--------------------+-----------------+------------------+-------------------+---------------+-------------------+------------------+-------------------+-------------------+-----------------+-------------------+-------------+-------------+


+----------------------------------------------------------------------------------------------------+
; User-Specified and Inferred Latches                                                                ;
+-----------------------------------------------------+---------------------+------------------------+
; Latch Name                                          ; Latch Enable Signal ; Free of Timing Hazards ;
+-----------------------------------------------------+---------------------+------------------------+
; led_in[0]                                           ; led_in[9]           ; yes                    ;
; led_in[1]                                           ; led_in[9]           ; yes                    ;
; led_in[2]                                           ; led_in[9]           ; yes                    ;
; led_in[3]                                           ; led_in[9]           ; yes                    ;
; led_in[4]                                           ; led_in[9]           ; yes                    ;
; led_in[5]                                           ; led_in[9]           ; yes                    ;
; led_in[6]                                           ; led_in[9]           ; yes                    ;
; led_in[7]                                           ; led_in[9]           ; yes                    ;
; led_in[8]                                           ; led_in[9]           ; yes                    ;
; led_in[9]                                           ; led_in[9]           ; yes                    ;
; point_in[4]                                         ; point_in[0]         ; yes                    ;
; point_in[5]                                         ; point_in[0]         ; yes                    ;
; point_in[6]                                         ; point_in[0]         ; yes                    ;
; point_in[7]                                         ; point_in[0]         ; yes                    ;
; point_in[0]                                         ; point_in[0]         ; yes                    ;
; point_in[1]                                         ; point_in[0]         ; yes                    ;
; point_in[2]                                         ; point_in[0]         ; yes                    ;
; point_in[3]                                         ; point_in[0]         ; yes                    ;
; level_in[0]                                         ; level_in[0]         ; yes                    ;
; level_in[1]                                         ; level_in[0]         ; yes                    ;
; level_in[2]                                         ; level_in[0]         ; yes                    ;
; level_in[3]                                         ; level_in[0]         ; yes                    ;
; t_led                                               ; clock               ; yes                    ;
; t_lvl                                               ; clock               ; yes                    ;
; t_inp                                               ; clock               ; yes                    ;
; t_lvl_i                                             ; clock               ; yes                    ;
; t_cnt                                               ; clock               ; yes                    ;
; in                                                  ; in                  ; yes                    ;
; count[0]                                            ; count[0]            ; yes                    ;
; count[1]                                            ; count[0]            ; yes                    ;
; count[2]                                            ; count[0]            ; yes                    ;
; count[3]                                            ; count[0]            ; yes                    ;
; count[4]                                            ; count[0]            ; yes                    ;
; count[5]                                            ; count[0]            ; yes                    ;
; count[6]                                            ; count[0]            ; yes                    ;
; count[7]                                            ; count[0]            ; yes                    ;
; count[8]                                            ; count[0]            ; yes                    ;
; count[9]                                            ; count[0]            ; yes                    ;
; count[10]                                           ; count[0]            ; yes                    ;
; switch_old[0]                                       ; switch_old[4]       ; yes                    ;
; switch_old[1]                                       ; switch_old[4]       ; yes                    ;
; switch_old[2]                                       ; switch_old[4]       ; yes                    ;
; switch_old[3]                                       ; switch_old[4]       ; yes                    ;
; switch_old[4]                                       ; switch_old[4]       ; yes                    ;
; switch_old[5]                                       ; switch_old[4]       ; yes                    ;
; switch_old[6]                                       ; switch_old[4]       ; yes                    ;
; switch_old[7]                                       ; switch_old[4]       ; yes                    ;
; switch_old[8]                                       ; switch_old[4]       ; yes                    ;
; switch_old[9]                                       ; switch_old[4]       ; yes                    ;
; Number of user-specified and inferred latches = 49  ;                     ;                        ;
+-----------------------------------------------------+---------------------+------------------------+
Note: All latches listed above may not be present at the end of synthesis due to various synthesis optimizations.


+------------------------------------------------------------+
; Registers Removed During Synthesis                         ;
+---------------------------------------+--------------------+
; Register name                         ; Reason for Removal ;
+---------------------------------------+--------------------+
; buffer~2                              ; Lost fanout        ;
; buffer~3                              ; Lost fanout        ;
; buffer~4                              ; Lost fanout        ;
; buffer~5                              ; Lost fanout        ;
; Total Number of Removed Registers = 4 ;                    ;
+---------------------------------------+--------------------+


+------------------------------------------------------+
; General Register Statistics                          ;
+----------------------------------------------+-------+
; Statistic                                    ; Value ;
+----------------------------------------------+-------+
; Total registers                              ; 13    ;
; Number of registers using Synchronous Clear  ; 0     ;
; Number of registers using Synchronous Load   ; 0     ;
; Number of registers using Asynchronous Clear ; 0     ;
; Number of registers using Asynchronous Load  ; 0     ;
; Number of registers using Clock Enable       ; 0     ;
; Number of registers using Preset             ; 0     ;
+----------------------------------------------+-------+


+------------------------------------------------------------------------------------------------------------------------------------------+
; Multiplexer Restructuring Statistics (Restructuring Performed)                                                                           ;
+--------------------+-----------+---------------+----------------------+------------------------+------------+----------------------------+
; Multiplexer Inputs ; Bus Width ; Baseline Area ; Area if Restructured ; Saving if Restructured ; Registered ; Example Multiplexer Output ;
+--------------------+-----------+---------------+----------------------+------------------------+------------+----------------------------+
; 3:1                ; 2 bits    ; 4 LEs         ; 2 LEs                ; 2 LEs                  ; No         ; |Status|buffer             ;
+--------------------+-----------+---------------+----------------------+------------------------+------------+----------------------------+


+-------------------------------+
; Elapsed Time Per Partition    ;
+----------------+--------------+
; Partition Name ; Elapsed Time ;
+----------------+--------------+
; Top            ; 00:00:00     ;
+----------------+--------------+


+-------------------------------+
; Analysis & Synthesis Messages ;
+-------------------------------+
Info: *******************************************************************
Info: Running Quartus II 64-Bit Analysis & Synthesis
    Info: Version 13.1.0 Build 162 10/23/2013 SJ Web Edition
    Info: Processing started: Thu May 02 00:52:25 2019
Info: Command: quartus_map --read_settings_files=on --write_settings_files=off LedGame -c LedGame
Warning (20028): Parallel compilation is not licensed and has been disabled
Info (12021): Found 1 design units, including 1 entities, in source file tests/status_test.v
    Info (12023): Found entity 1: Status_Test
Info (12021): Found 1 design units, including 1 entities, in source file modules/status.v
    Info (12023): Found entity 1: Status
Info (12021): Found 1 design units, including 1 entities, in source file modules/segmenter.v
    Info (12023): Found entity 1: Segmenter
Info (12127): Elaborating entity "Status" for the top level hierarchy
Warning (10240): Verilog HDL Always Construct warning at Status.v(117): inferring latch(es) for variable "t_inp", which holds its previous value in one or more paths through the always construct
Warning (10240): Verilog HDL Always Construct warning at Status.v(117): inferring latch(es) for variable "t_lvl", which holds its previous value in one or more paths through the always construct
Warning (10240): Verilog HDL Always Construct warning at Status.v(117): inferring latch(es) for variable "switch_old", which holds its previous value in one or more paths through the always construct
Warning (10240): Verilog HDL Always Construct warning at Status.v(117): inferring latch(es) for variable "in", which holds its previous value in one or more paths through the always construct
Warning (10240): Verilog HDL Always Construct warning at Status.v(117): inferring latch(es) for variable "t_cnt", which holds its previous value in one or more paths through the always construct
Warning (10240): Verilog HDL Always Construct warning at Status.v(117): inferring latch(es) for variable "t_lvl_i", which holds its previous value in one or more paths through the always construct
Warning (10240): Verilog HDL Always Construct warning at Status.v(117): inferring latch(es) for variable "t_led", which holds its previous value in one or more paths through the always construct
Warning (10240): Verilog HDL Always Construct warning at Status.v(117): inferring latch(es) for variable "level_in", which holds its previous value in one or more paths through the always construct
Warning (10240): Verilog HDL Always Construct warning at Status.v(117): inferring latch(es) for variable "point_in", which holds its previous value in one or more paths through the always construct
Warning (10240): Verilog HDL Always Construct warning at Status.v(117): inferring latch(es) for variable "led_in", which holds its previous value in one or more paths through the always construct
Warning (10240): Verilog HDL Always Construct warning at Status.v(117): inferring latch(es) for variable "count", which holds its previous value in one or more paths through the always construct
Info (10041): Inferred latch for "t_led" at Status.v(117)
Info (10041): Inferred latch for "t_lvl_i" at Status.v(117)
Info (10041): Inferred latch for "t_cnt" at Status.v(117)
Info (10041): Inferred latch for "in" at Status.v(117)
Info (10041): Inferred latch for "switch_old[0]" at Status.v(117)
Info (10041): Inferred latch for "switch_old[1]" at Status.v(117)
Info (10041): Inferred latch for "switch_old[2]" at Status.v(117)
Info (10041): Inferred latch for "switch_old[3]" at Status.v(117)
Info (10041): Inferred latch for "switch_old[4]" at Status.v(117)
Info (10041): Inferred latch for "switch_old[5]" at Status.v(117)
Info (10041): Inferred latch for "switch_old[6]" at Status.v(117)
Info (10041): Inferred latch for "switch_old[7]" at Status.v(117)
Info (10041): Inferred latch for "switch_old[8]" at Status.v(117)
Info (10041): Inferred latch for "switch_old[9]" at Status.v(117)
Info (10041): Inferred latch for "t_lvl" at Status.v(117)
Info (10041): Inferred latch for "t_inp" at Status.v(117)
Info (10041): Inferred latch for "count[0]" at Status.v(117)
Info (10041): Inferred latch for "count[1]" at Status.v(117)
Info (10041): Inferred latch for "count[2]" at Status.v(117)
Info (10041): Inferred latch for "count[3]" at Status.v(117)
Info (10041): Inferred latch for "count[4]" at Status.v(117)
Info (10041): Inferred latch for "count[5]" at Status.v(117)
Info (10041): Inferred latch for "count[6]" at Status.v(117)
Info (10041): Inferred latch for "count[7]" at Status.v(117)
Info (10041): Inferred latch for "count[8]" at Status.v(117)
Info (10041): Inferred latch for "count[9]" at Status.v(117)
Info (10041): Inferred latch for "count[10]" at Status.v(117)
Info (10041): Inferred latch for "led_in[0]" at Status.v(117)
Info (10041): Inferred latch for "led_in[1]" at Status.v(117)
Info (10041): Inferred latch for "led_in[2]" at Status.v(117)
Info (10041): Inferred latch for "led_in[3]" at Status.v(117)
Info (10041): Inferred latch for "led_in[4]" at Status.v(117)
Info (10041): Inferred latch for "led_in[5]" at Status.v(117)
Info (10041): Inferred latch for "led_in[6]" at Status.v(117)
Info (10041): Inferred latch for "led_in[7]" at Status.v(117)
Info (10041): Inferred latch for "led_in[8]" at Status.v(117)
Info (10041): Inferred latch for "led_in[9]" at Status.v(117)
Info (10041): Inferred latch for "point_in[0]" at Status.v(117)
Info (10041): Inferred latch for "point_in[1]" at Status.v(117)
Info (10041): Inferred latch for "point_in[2]" at Status.v(117)
Info (10041): Inferred latch for "point_in[3]" at Status.v(117)
Info (10041): Inferred latch for "point_in[4]" at Status.v(117)
Info (10041): Inferred latch for "point_in[5]" at Status.v(117)
Info (10041): Inferred latch for "point_in[6]" at Status.v(117)
Info (10041): Inferred latch for "point_in[7]" at Status.v(117)
Info (10041): Inferred latch for "level_in[0]" at Status.v(117)
Info (10041): Inferred latch for "level_in[1]" at Status.v(117)
Info (10041): Inferred latch for "level_in[2]" at Status.v(117)
Info (10041): Inferred latch for "level_in[3]" at Status.v(117)
Info (12128): Elaborating entity "Segmenter" for hierarchy "Segmenter:segment_level"
Warning (13012): Latch led_in[0] has unsafe behavior
    Warning (13013): Ports D and ENA on the latch are fed by the same signal buffer.SHIFT_RIGHT
Warning (13012): Latch led_in[1] has unsafe behavior
    Warning (13013): Ports D and ENA on the latch are fed by the same signal buffer.SHIFT_RIGHT
Warning (13012): Latch led_in[2] has unsafe behavior
    Warning (13013): Ports D and ENA on the latch are fed by the same signal buffer.SHIFT_RIGHT
Warning (13012): Latch led_in[3] has unsafe behavior
    Warning (13013): Ports D and ENA on the latch are fed by the same signal buffer.SHIFT_RIGHT
Warning (13012): Latch led_in[4] has unsafe behavior
    Warning (13013): Ports D and ENA on the latch are fed by the same signal buffer.SHIFT_RIGHT
Warning (13012): Latch led_in[5] has unsafe behavior
    Warning (13013): Ports D and ENA on the latch are fed by the same signal buffer.SHIFT_RIGHT
Warning (13012): Latch led_in[6] has unsafe behavior
    Warning (13013): Ports D and ENA on the latch are fed by the same signal buffer.SHIFT_RIGHT
Warning (13012): Latch led_in[7] has unsafe behavior
    Warning (13013): Ports D and ENA on the latch are fed by the same signal buffer.SHIFT_RIGHT
Warning (13012): Latch led_in[8] has unsafe behavior
    Warning (13013): Ports D and ENA on the latch are fed by the same signal buffer.SHIFT_RIGHT
Warning (13012): Latch led_in[9] has unsafe behavior
    Warning (13013): Ports D and ENA on the latch are fed by the same signal buffer.SHIFT_RIGHT
Warning (13012): Latch point_in[4] has unsafe behavior
    Warning (13013): Ports D and ENA on the latch are fed by the same signal buffer.UPDATE
Warning (13012): Latch point_in[5] has unsafe behavior
    Warning (13013): Ports D and ENA on the latch are fed by the same signal buffer.UPDATE
Warning (13012): Latch point_in[6] has unsafe behavior
    Warning (13013): Ports D and ENA on the latch are fed by the same signal buffer.UPDATE
Warning (13012): Latch point_in[7] has unsafe behavior
    Warning (13013): Ports D and ENA on the latch are fed by the same signal buffer.UPDATE
Warning (13012): Latch point_in[0] has unsafe behavior
    Warning (13013): Ports D and ENA on the latch are fed by the same signal buffer.UPDATE
Warning (13012): Latch point_in[1] has unsafe behavior
    Warning (13013): Ports D and ENA on the latch are fed by the same signal buffer.UPDATE
Warning (13012): Latch point_in[2] has unsafe behavior
    Warning (13013): Ports D and ENA on the latch are fed by the same signal buffer.UPDATE
Warning (13012): Latch point_in[3] has unsafe behavior
    Warning (13013): Ports D and ENA on the latch are fed by the same signal buffer.UPDATE
Warning (13012): Latch level_in[0] has unsafe behavior
    Warning (13013): Ports D and ENA on the latch are fed by the same signal buffer.INIT
Warning (13012): Latch level_in[1] has unsafe behavior
    Warning (13013): Ports D and ENA on the latch are fed by the same signal buffer.INIT
Warning (13012): Latch level_in[2] has unsafe behavior
    Warning (13013): Ports D and ENA on the latch are fed by the same signal buffer.INIT
Warning (13012): Latch level_in[3] has unsafe behavior
    Warning (13013): Ports D and ENA on the latch are fed by the same signal buffer.INIT
Warning (13012): Latch in has unsafe behavior
    Warning (13013): Ports D and ENA on the latch are fed by the same signal buffer.0000
Warning (13012): Latch count[0] has unsafe behavior
    Warning (13013): Ports D and ENA on the latch are fed by the same signal buffer.NEG_COUNT
Warning (13012): Latch count[1] has unsafe behavior
    Warning (13013): Ports D and ENA on the latch are fed by the same signal buffer.NEG_COUNT
Warning (13012): Latch count[2] has unsafe behavior
    Warning (13013): Ports D and ENA on the latch are fed by the same signal buffer.NEG_COUNT
Warning (13012): Latch count[3] has unsafe behavior
    Warning (13013): Ports D and ENA on the latch are fed by the same signal buffer.NEG_COUNT
Warning (13012): Latch count[4] has unsafe behavior
    Warning (13013): Ports D and ENA on the latch are fed by the same signal buffer.NEG_COUNT
Warning (13012): Latch count[5] has unsafe behavior
    Warning (13013): Ports D and ENA on the latch are fed by the same signal buffer.NEG_COUNT
Warning (13012): Latch count[6] has unsafe behavior
    Warning (13013): Ports D and ENA on the latch are fed by the same signal buffer.NEG_COUNT
Warning (13012): Latch count[7] has unsafe behavior
    Warning (13013): Ports D and ENA on the latch are fed by the same signal buffer.NEG_COUNT
Warning (13012): Latch count[8] has unsafe behavior
    Warning (13013): Ports D and ENA on the latch are fed by the same signal buffer.NEG_COUNT
Warning (13012): Latch count[9] has unsafe behavior
    Warning (13013): Ports D and ENA on the latch are fed by the same signal buffer.NEG_COUNT
Warning (13012): Latch count[10] has unsafe behavior
    Warning (13013): Ports D and ENA on the latch are fed by the same signal buffer.NEG_COUNT
Warning (13012): Latch switch_old[0] has unsafe behavior
    Warning (13013): Ports D and ENA on the latch are fed by the same signal switch[0]
Warning (13012): Latch switch_old[1] has unsafe behavior
    Warning (13013): Ports D and ENA on the latch are fed by the same signal switch[1]
Warning (13012): Latch switch_old[2] has unsafe behavior
    Warning (13013): Ports D and ENA on the latch are fed by the same signal switch[2]
Warning (13012): Latch switch_old[3] has unsafe behavior
    Warning (13013): Ports D and ENA on the latch are fed by the same signal switch[3]
Warning (13012): Latch switch_old[4] has unsafe behavior
    Warning (13013): Ports D and ENA on the latch are fed by the same signal switch[4]
Warning (13012): Latch switch_old[5] has unsafe behavior
    Warning (13013): Ports D and ENA on the latch are fed by the same signal switch[5]
Warning (13012): Latch switch_old[6] has unsafe behavior
    Warning (13013): Ports D and ENA on the latch are fed by the same signal switch[6]
Warning (13012): Latch switch_old[7] has unsafe behavior
    Warning (13013): Ports D and ENA on the latch are fed by the same signal switch[7]
Warning (13012): Latch switch_old[8] has unsafe behavior
    Warning (13013): Ports D and ENA on the latch are fed by the same signal switch[8]
Warning (13012): Latch switch_old[9] has unsafe behavior
    Warning (13013): Ports D and ENA on the latch are fed by the same signal switch[9]
Warning (13024): Output pins are stuck at VCC or GND
    Warning (13410): Pin "splitter" is stuck at VCC
Info (286030): Timing-Driven Synthesis is running
Info (17049): 4 registers lost all their fanouts during netlist optimizations.
Info (144001): Generated suppressed messages file D:/Projects/EMBEDDED/HW/Led Game/Led Game/output_files/LedGame.map.smsg
Info (16010): Generating hard_block partition "hard_block:auto_generated_inst"
    Info (16011): Adding 0 node(s), including 0 DDIO, 0 PLL, 0 transceiver and 0 LCELL
Info (21057): Implemented 230 device resources after synthesis - the final resource count might be different
    Info (21058): Implemented 12 input pins
    Info (21059): Implemented 32 output pins
    Info (21061): Implemented 186 logic cells
Info: Quartus II 64-Bit Analysis & Synthesis was successful. 0 errors, 102 warnings
    Info: Peak virtual memory: 4643 megabytes
    Info: Processing ended: Thu May 02 00:52:27 2019
    Info: Elapsed time: 00:00:02
    Info: Total CPU time (on all processors): 00:00:01


+------------------------------------------+
; Analysis & Synthesis Suppressed Messages ;
+------------------------------------------+
The suppressed messages can be found in D:/Projects/EMBEDDED/HW/Led Game/Led Game/output_files/LedGame.map.smsg.


